<?xml version="1.0" encoding="UTF-8"?>
<testsuite xmlns:xsi="http://www.w3.org/2001/XMLSchema-instance" xsi:noNamespaceSchemaLocation="https://maven.apache.org/surefire/maven-surefire-plugin/xsd/surefire-test-report-3.0.xsd" version="3.0" name="org.dcifuentes.junit5app.ejemplos.models.CuentaTest$VariablesAmbienteTest" time="0.013" tests="5" errors="0" skipped="1" failures="0">
  <properties>
    <property name="java.specification.version" value="17"/>
    <property name="sun.cpu.isalist" value="amd64"/>
    <property name="sun.jnu.encoding" value="Cp1252"/>
    <property name="java.class.path" value="C:\Users\dcifu\Documents\Udemy\JUnit\junit-app\target\test-classes;C:\Users\dcifu\Documents\Udemy\JUnit\junit-app\target\classes;C:\Users\dcifu\.m2\repository\org\junit\jupiter\junit-jupiter\5.9.0-M1\junit-jupiter-5.9.0-M1.jar;C:\Users\dcifu\.m2\repository\org\junit\jupiter\junit-jupiter-api\5.9.0-M1\junit-jupiter-api-5.9.0-M1.jar;C:\Users\dcifu\.m2\repository\org\opentest4j\opentest4j\1.2.0\opentest4j-1.2.0.jar;C:\Users\dcifu\.m2\repository\org\junit\platform\junit-platform-commons\1.9.0-M1\junit-platform-commons-1.9.0-M1.jar;C:\Users\dcifu\.m2\repository\org\apiguardian\apiguardian-api\1.1.2\apiguardian-api-1.1.2.jar;C:\Users\dcifu\.m2\repository\org\junit\jupiter\junit-jupiter-params\5.9.0-M1\junit-jupiter-params-5.9.0-M1.jar;C:\Users\dcifu\.m2\repository\org\junit\jupiter\junit-jupiter-engine\5.9.0-M1\junit-jupiter-engine-5.9.0-M1.jar;C:\Users\dcifu\.m2\repository\org\junit\platform\junit-platform-engine\1.9.0-M1\junit-platform-engine-1.9.0-M1.jar;C:\Users\dcifu\.m2\repository\org\projectlombok\lombok\1.18.24\lombok-1.18.24.jar;"/>
    <property name="java.vm.vendor" value="Oracle Corporation"/>
    <property name="sun.arch.data.model" value="64"/>
    <property name="user.variant" value=""/>
    <property name="java.vendor.url" value="https://java.oracle.com/"/>
    <property name="user.timezone" value="America/Bogota"/>
    <property name="os.name" value="Windows 11"/>
    <property name="java.vm.specification.version" value="17"/>
    <property name="sun.java.launcher" value="SUN_STANDARD"/>
    <property name="user.country" value="CO"/>
    <property name="sun.boot.library.path" value="C:\Program Files\Java\jdk-17\bin"/>
    <property name="sun.java.command" value="C:\Users\dcifu\AppData\Local\Temp\surefire10293292581929900109\surefirebooter-20240819144519353_3.jar C:\Users\dcifu\AppData\Local\Temp\surefire10293292581929900109 2024-08-19T14-45-19_219-jvmRun1 surefire-20240819144519353_1tmp surefire_0-20240819144519353_2tmp"/>
    <property name="jdk.debug" value="release"/>
    <property name="surefire.test.class.path" value="C:\Users\dcifu\Documents\Udemy\JUnit\junit-app\target\test-classes;C:\Users\dcifu\Documents\Udemy\JUnit\junit-app\target\classes;C:\Users\dcifu\.m2\repository\org\junit\jupiter\junit-jupiter\5.9.0-M1\junit-jupiter-5.9.0-M1.jar;C:\Users\dcifu\.m2\repository\org\junit\jupiter\junit-jupiter-api\5.9.0-M1\junit-jupiter-api-5.9.0-M1.jar;C:\Users\dcifu\.m2\repository\org\opentest4j\opentest4j\1.2.0\opentest4j-1.2.0.jar;C:\Users\dcifu\.m2\repository\org\junit\platform\junit-platform-commons\1.9.0-M1\junit-platform-commons-1.9.0-M1.jar;C:\Users\dcifu\.m2\repository\org\apiguardian\apiguardian-api\1.1.2\apiguardian-api-1.1.2.jar;C:\Users\dcifu\.m2\repository\org\junit\jupiter\junit-jupiter-params\5.9.0-M1\junit-jupiter-params-5.9.0-M1.jar;C:\Users\dcifu\.m2\repository\org\junit\jupiter\junit-jupiter-engine\5.9.0-M1\junit-jupiter-engine-5.9.0-M1.jar;C:\Users\dcifu\.m2\repository\org\junit\platform\junit-platform-engine\1.9.0-M1\junit-platform-engine-1.9.0-M1.jar;C:\Users\dcifu\.m2\repository\org\projectlombok\lombok\1.18.24\lombok-1.18.24.jar;"/>
    <property name="sun.cpu.endian" value="little"/>
    <property name="user.home" value="C:\Users\dcifu"/>
    <property name="user.language" value="es"/>
    <property name="java.specification.vendor" value="Oracle Corporation"/>
    <property name="java.version.date" value="2023-04-18"/>
    <property name="java.home" value="C:\Program Files\Java\jdk-17"/>
    <property name="file.separator" value="\"/>
    <property name="basedir" value="C:\Users\dcifu\Documents\Udemy\JUnit\junit-app"/>
    <property name="java.vm.compressedOopsMode" value="Zero based"/>
    <property name="line.separator" value="&#10;"/>
    <property name="java.vm.specification.vendor" value="Oracle Corporation"/>
    <property name="java.specification.name" value="Java Platform API Specification"/>
    <property name="surefire.real.class.path" value="C:\Users\dcifu\AppData\Local\Temp\surefire10293292581929900109\surefirebooter-20240819144519353_3.jar"/>
    <property name="user.script" value=""/>
    <property name="sun.management.compiler" value="HotSpot 64-Bit Tiered Compilers"/>
    <property name="java.runtime.version" value="17.0.7+8-LTS-224"/>
    <property name="user.name" value="dcifu"/>
    <property name="path.separator" value=";"/>
    <property name="os.version" value="10.0"/>
    <property name="java.runtime.name" value="Java(TM) SE Runtime Environment"/>
    <property name="file.encoding" value="Cp1252"/>
    <property name="java.vm.name" value="Java HotSpot(TM) 64-Bit Server VM"/>
    <property name="localRepository" value="C:\Users\dcifu\.m2\repository"/>
    <property name="java.vendor.url.bug" value="https://bugreport.java.com/bugreport/"/>
    <property name="java.io.tmpdir" value="C:\Users\dcifu\AppData\Local\Temp\"/>
    <property name="idea.version" value="2024.1.3"/>
    <property name="java.version" value="17.0.7"/>
    <property name="user.dir" value="C:\Users\dcifu\Documents\Udemy\JUnit\junit-app"/>
    <property name="os.arch" value="amd64"/>
    <property name="java.vm.specification.name" value="Java Virtual Machine Specification"/>
    <property name="sun.os.patch.level" value=""/>
    <property name="native.encoding" value="Cp1252"/>
    <property name="java.library.path" value="C:\Program Files\Java\jdk-17\bin;C:\Windows\Sun\Java\bin;C:\Windows\system32;C:\Windows;C:\Program Files (x86)\NVIDIA Corporation\PhysX\Common;C:\Python311\Scripts\;C:\Python311\;C:\Program Files\Common Files\Oracle\Java\javapath;C:\Program Files (x86)\Common Files\Oracle\Java\javapath;C:\Windows\system32;C:\Windows;C:\Windows\System32\Wbem;C:\Windows\System32\WindowsPowerShell\v1.0\;C:\Windows\System32\OpenSSH\;C:\Program Files\nodejs\;C:\ProgramData\chocolatey\bin;C:\Program Files\Git\cmd;C:\Program Files\Docker\Docker\resources\bin;C:\Program Files\PuTTY\;C:\Program Files\Kubernetes\Minikube;C:\Program Files\Amazon\AWSCLIV2\;C:\Users\dcifu\AppData\Local\Microsoft\WindowsApps;C:\Program Files\JetBrains\IntelliJ IDEA Community Edition 2024.1.3\bin;;C:\Users\dcifu\AppData\Local\Programs\Microsoft VS Code\bin;C:\Users\dcifu\AppData\Roaming\npm;C:\Users\dcifu\AppData\Local\GitHubDesktop\bin;."/>
    <property name="java.vm.info" value="mixed mode, sharing"/>
    <property name="java.vendor" value="Oracle Corporation"/>
    <property name="java.vm.version" value="17.0.7+8-LTS-224"/>
    <property name="sun.io.unicode.encoding" value="UnicodeLittle"/>
    <property name="java.class.version" value="61.0"/>
  </properties>
  <testcase name="testProcesadores" classname="org.dcifuentes.junit5app.ejemplos.models.CuentaTest$VariablesAmbienteTest" time="0.0">
    <system-out><![CDATA[inciando el metodo.
finalizando el metodo.
]]></system-out>
  </testcase>
  <testcase name="testEnv" classname="org.dcifuentes.junit5app.ejemplos.models.CuentaTest$VariablesAmbienteTest" time="0.0">
    <skipped message="Environment variable [ENVIRONMENT] does not exist"/>
  </testcase>
  <testcase name="testEnvProdDisabled" classname="org.dcifuentes.junit5app.ejemplos.models.CuentaTest$VariablesAmbienteTest" time="0.001">
    <system-out><![CDATA[inciando el metodo.
finalizando el metodo.
]]></system-out>
  </testcase>
  <testcase name="testJavaHome" classname="org.dcifuentes.junit5app.ejemplos.models.CuentaTest$VariablesAmbienteTest" time="0.001">
    <system-out><![CDATA[inciando el metodo.
finalizando el metodo.
]]></system-out>
  </testcase>
  <testcase name="imprimirVariablesAmbiente" classname="org.dcifuentes.junit5app.ejemplos.models.CuentaTest$VariablesAmbienteTest" time="0.002">
    <system-out><![CDATA[inciando el metodo.
PATH:C:\Program Files (x86)\NVIDIA Corporation\PhysX\Common;C:\Python311\Scripts\;C:\Python311\;C:\Program Files\Common Files\Oracle\Java\javapath;C:\Program Files (x86)\Common Files\Oracle\Java\javapath;C:\Windows\system32;C:\Windows;C:\Windows\System32\Wbem;C:\Windows\System32\WindowsPowerShell\v1.0\;C:\Windows\System32\OpenSSH\;C:\Program Files\nodejs\;C:\ProgramData\chocolatey\bin;C:\Program Files\Git\cmd;C:\Program Files\Docker\Docker\resources\bin;C:\Program Files\PuTTY\;C:\Program Files\Kubernetes\Minikube;C:\Program Files\Amazon\AWSCLIV2\;C:\Users\dcifu\AppData\Local\Microsoft\WindowsApps;C:\Program Files\JetBrains\IntelliJ IDEA Community Edition 2024.1.3\bin;;C:\Users\dcifu\AppData\Local\Programs\Microsoft VS Code\bin;C:\Users\dcifu\AppData\Roaming\npm;C:\Users\dcifu\AppData\Local\GitHubDesktop\bin
USERDOMAIN_ROAMINGPROFILE:DANIELPC
LOCALAPPDATA:C:\Users\dcifu\AppData\Local
PROCESSOR_LEVEL:25
SYSTEMDRIVE:C:
COMMONPROGRAMFILES(X86):C:\Program Files (x86)\Common Files
USERDOMAIN:DANIELPC
FPS_BROWSER_APP_PROFILE_STRING:Internet Explorer
LOGONSERVER:\\DANIELPC
JAVA_HOME:C:\Program Files\Java\jdk-17
PROMPT:$P$G
SESSIONNAME:Console
ALLUSERSPROFILE:C:\ProgramData
PROGRAMFILES(X86):C:\Program Files (x86)
PROCESSOR_ARCHITECTURE:AMD64
DRIVERDATA:C:\Windows\System32\Drivers\DriverData
PROGRAMFILES:C:\Program Files
=C::C:\Users\dcifu\Documents\Udemy\JUnit\junit-app
APPDATA:C:\Users\dcifu\AppData\Roaming
PSMODULEPATH:C:\Program Files\WindowsPowerShell\Modules;C:\Windows\system32\WindowsPowerShell\v1.0\Modules
PROGRAMW6432:C:\Program Files
EFC_7792:1
PROGRAMDATA:C:\ProgramData
SYSTEMROOT:C:\Windows
CHOCOLATEYINSTALL:C:\ProgramData\chocolatey
CHOCOLATEYLASTPATHUPDATE:133658318964208281
USERNAME:dcifu
FPS_BROWSER_USER_PROFILE_STRING:Default
ONEDRIVE:C:\Users\dcifu\OneDrive
PATHEXT:.COM;.EXE;.BAT;.CMD;.VBS;.VBE;.JS;.JSE;.WSF;.WSH;.MSC;.PY;.PYW
OS:Windows_NT
COMMONPROGRAMW6432:C:\Program Files\Common Files
COMPUTERNAME:DANIELPC
INTELLIJ IDEA COMMUNITY EDITION:C:\Program Files\JetBrains\IntelliJ IDEA Community Edition 2024.1.3\bin;
COMMONPROGRAMFILES:C:\Program Files\Common Files
COMSPEC:C:\Windows\system32\cmd.exe
PROCESSOR_REVISION:5000
WINDIR:C:\Windows
HOMEPATH:\Users\dcifu
TEMP:C:\Users\dcifu\AppData\Local\Temp
HOMEDRIVE:C:
PROCESSOR_IDENTIFIER:AMD64 Family 25 Model 80 Stepping 0, AuthenticAMD
USERPROFILE:C:\Users\dcifu
TMP:C:\Users\dcifu\AppData\Local\Temp
PUBLIC:C:\Users\Public
NUMBER_OF_PROCESSORS:16
=:::::\
IDEA_INITIAL_DIRECTORY:C:\Users\dcifu\Desktop
finalizando el metodo.
]]></system-out>
  </testcase>
</testsuite>